{"contracts/Claiming.sol":{"l":{"46":2,"47":2,"48":2,"49":2,"54":2,"55":2,"56":2,"62":2,"63":2,"64":2,"65":2,"66":2,"67":2,"68":2,"70":2,"72":2,"83":1,"84":1,"85":1,"86":1,"91":1,"93":1,"94":1,"99":1,"101":1,"105":2,"109":2},"path":"/Volumes/WORK/Google/A2/contracts/Claiming.sol","s":{"1":2,"2":2,"3":2,"4":2,"5":2,"6":2,"7":2,"8":2,"9":2,"10":1,"11":1,"12":1,"13":1,"14":1,"15":1,"16":1,"17":1,"18":1,"19":2},"b":{"1":[2,0],"2":[2,0],"3":[2,0],"4":[2,0],"5":[2,0],"6":[1,0],"7":[1,0]},"f":{"1":9,"2":2,"3":1,"4":2,"5":2},"fnMap":{"1":{"name":"constructor","line":13,"loc":{"start":{"line":13,"column":4},"end":{"line":13,"column":19}}},"2":{"name":"createPool","line":45,"loc":{"start":{"line":38,"column":4},"end":{"line":80,"column":4}}},"3":{"name":"claim","line":82,"loc":{"start":{"line":82,"column":4},"end":{"line":102,"column":4}}},"4":{"name":"_getNextCardID","line":104,"loc":{"start":{"line":104,"column":4},"end":{"line":106,"column":4}}},"5":{"name":"_incrementPID","line":108,"loc":{"start":{"line":108,"column":4},"end":{"line":110,"column":4}}}},"statementMap":{"1":{"start":{"line":46,"column":8},"end":{"line":46,"column":56}},"2":{"start":{"line":47,"column":8},"end":{"line":47,"column":61}},"3":{"start":{"line":48,"column":8},"end":{"line":48,"column":59}},"4":{"start":{"line":49,"column":8},"end":{"line":49,"column":1395}},"5":{"start":{"line":54,"column":8},"end":{"line":54,"column":38}},"6":{"start":{"line":55,"column":8},"end":{"line":55,"column":22}},"7":{"start":{"line":56,"column":8},"end":{"line":56,"column":1588}},"8":{"start":{"line":62,"column":8},"end":{"line":62,"column":31}},"9":{"start":{"line":72,"column":8},"end":{"line":72,"column":2039}},"10":{"start":{"line":83,"column":8},"end":{"line":83,"column":53}},"11":{"start":{"line":84,"column":8},"end":{"line":84,"column":51}},"12":{"start":{"line":85,"column":8},"end":{"line":85,"column":56}},"13":{"start":{"line":86,"column":8},"end":{"line":86,"column":2444}},"14":{"start":{"line":91,"column":8},"end":{"line":91,"column":2616}},"15":{"start":{"line":93,"column":8},"end":{"line":93,"column":64}},"16":{"start":{"line":94,"column":8},"end":{"line":94,"column":2765}},"17":{"start":{"line":99,"column":8},"end":{"line":99,"column":75}},"18":{"start":{"line":101,"column":8},"end":{"line":101,"column":53}},"19":{"start":{"line":105,"column":8},"end":{"line":105,"column":33}}},"branchMap":{"1":{"line":45,"type":"if","locations":[{"start":{"line":45,"column":15},"end":{"line":45,"column":15}},{"start":{"line":45,"column":15},"end":{"line":45,"column":15}}]},"2":{"line":46,"type":"if","locations":[{"start":{"line":46,"column":8},"end":{"line":46,"column":8}},{"start":{"line":46,"column":8},"end":{"line":46,"column":8}}]},"3":{"line":47,"type":"if","locations":[{"start":{"line":47,"column":8},"end":{"line":47,"column":8}},{"start":{"line":47,"column":8},"end":{"line":47,"column":8}}]},"4":{"line":48,"type":"if","locations":[{"start":{"line":48,"column":8},"end":{"line":48,"column":8}},{"start":{"line":48,"column":8},"end":{"line":48,"column":8}}]},"5":{"line":49,"type":"if","locations":[{"start":{"line":49,"column":8},"end":{"line":49,"column":8}},{"start":{"line":49,"column":8},"end":{"line":49,"column":8}}]},"6":{"line":83,"type":"if","locations":[{"start":{"line":83,"column":8},"end":{"line":83,"column":8}},{"start":{"line":83,"column":8},"end":{"line":83,"column":8}}]},"7":{"line":93,"type":"if","locations":[{"start":{"line":93,"column":8},"end":{"line":93,"column":8}},{"start":{"line":93,"column":8},"end":{"line":93,"column":8}}]}}},"contracts/interface/IInvestment.sol":{"l":{},"path":"/Volumes/WORK/Google/A2/contracts/interface/IInvestment.sol","s":{},"b":{},"f":{},"fnMap":{},"statementMap":{},"branchMap":{}},"contracts/Investment.sol":{"l":{"38":21,"46":0,"48":0,"58":0,"62":1,"66":0,"68":0,"75":0,"77":0,"85":5,"87":5,"88":5,"90":5,"91":5,"92":5,"93":5,"94":5,"96":5,"98":5,"106":4,"107":4,"109":4,"110":4,"111":4,"118":4,"119":0,"120":0,"121":0,"122":0,"125":0,"128":4,"134":4,"136":4,"144":1,"148":1,"156":2,"158":2,"159":1,"160":1,"162":1,"165":2,"175":0,"179":5,"183":5},"path":"/Volumes/WORK/Google/A2/contracts/Investment.sol","s":{"1":0,"2":0,"3":0,"4":0,"5":0,"6":5,"7":5,"8":5,"9":5,"10":5,"11":4,"12":4,"13":4,"14":4,"15":4,"16":4,"17":0,"18":0,"19":0,"20":0,"21":0,"22":4,"23":4,"24":4,"25":1,"26":1,"27":2,"28":2,"29":1,"30":1,"31":1,"32":2,"33":0,"34":5},"b":{"1":[0,0],"2":[1,0],"3":[0,0],"4":[0,0],"5":[5,0],"6":[5,0],"7":[4,0],"8":[4,0],"9":[0,4],"10":[0,4],"11":[0,0],"12":[0,0],"13":[0,0],"14":[1,0],"15":[0,1],"16":[2,0],"17":[2,0],"18":[1,1],"19":[1,0]},"f":{"1":21,"2":0,"3":0,"4":1,"5":0,"6":0,"7":5,"8":4,"9":1,"10":2,"11":0,"12":5,"13":5},"fnMap":{"1":{"name":"constructor","line":37,"loc":{"start":{"line":37,"column":4},"end":{"line":39,"column":4}}},"2":{"name":"setRoyalty","line":44,"loc":{"start":{"line":42,"column":4},"end":{"line":49,"column":4}}},"3":{"name":"uri","line":51,"loc":{"start":{"line":51,"column":4},"end":{"line":59,"column":4}}},"4":{"name":"setURI","line":61,"loc":{"start":{"line":61,"column":4},"end":{"line":63,"column":4}}},"5":{"name":"setPrice","line":65,"loc":{"start":{"line":65,"column":4},"end":{"line":69,"column":4}}},"6":{"name":"setPaymentToken","line":73,"loc":{"start":{"line":71,"column":4},"end":{"line":78,"column":4}}},"7":{"name":"createPool","line":84,"loc":{"start":{"line":80,"column":4},"end":{"line":99,"column":4}}},"8":{"name":"purchaseNFT","line":101,"loc":{"start":{"line":101,"column":4},"end":{"line":137,"column":4}}},"9":{"name":"burn","line":139,"loc":{"start":{"line":139,"column":4},"end":{"line":149,"column":4}}},"10":{"name":"withdraw","line":155,"loc":{"start":{"line":151,"column":4},"end":{"line":166,"column":4}}},"11":{"name":"supportsInterface","line":168,"loc":{"start":{"line":168,"column":4},"end":{"line":176,"column":4}}},"12":{"name":"_getNextPID","line":178,"loc":{"start":{"line":178,"column":4},"end":{"line":180,"column":4}}},"13":{"name":"_incrementPID","line":182,"loc":{"start":{"line":182,"column":4},"end":{"line":184,"column":4}}}},"statementMap":{"1":{"start":{"line":46,"column":8},"end":{"line":46,"column":51}},"2":{"start":{"line":48,"column":8},"end":{"line":48,"column":49}},"3":{"start":{"line":58,"column":8},"end":{"line":58,"column":61}},"4":{"start":{"line":68,"column":8},"end":{"line":68,"column":39}},"5":{"start":{"line":77,"column":8},"end":{"line":77,"column":44}},"6":{"start":{"line":85,"column":8},"end":{"line":85,"column":55}},"7":{"start":{"line":87,"column":8},"end":{"line":87,"column":36}},"8":{"start":{"line":88,"column":8},"end":{"line":88,"column":22}},"9":{"start":{"line":90,"column":8},"end":{"line":90,"column":32}},"10":{"start":{"line":98,"column":8},"end":{"line":98,"column":63}},"11":{"start":{"line":106,"column":8},"end":{"line":106,"column":66}},"12":{"start":{"line":107,"column":8},"end":{"line":107,"column":43}},"13":{"start":{"line":109,"column":8},"end":{"line":109,"column":49}},"14":{"start":{"line":110,"column":8},"end":{"line":110,"column":49}},"15":{"start":{"line":111,"column":8},"end":{"line":111,"column":3090}},"16":{"start":{"line":118,"column":8},"end":{"line":118,"column":3302}},"17":{"start":{"line":119,"column":12},"end":{"line":119,"column":71}},"18":{"start":{"line":120,"column":12},"end":{"line":120,"column":50}},"19":{"start":{"line":121,"column":12},"end":{"line":121,"column":3479}},"20":{"start":{"line":122,"column":16},"end":{"line":122,"column":3521}},"21":{"start":{"line":125,"column":16},"end":{"line":125,"column":55}},"22":{"start":{"line":128,"column":12},"end":{"line":128,"column":3722}},"23":{"start":{"line":134,"column":8},"end":{"line":134,"column":49}},"24":{"start":{"line":136,"column":8},"end":{"line":136,"column":55}},"25":{"start":{"line":144,"column":8},"end":{"line":144,"column":4096}},"26":{"start":{"line":148,"column":8},"end":{"line":148,"column":30}},"27":{"start":{"line":156,"column":8},"end":{"line":156,"column":58}},"28":{"start":{"line":158,"column":8},"end":{"line":158,"column":4471}},"29":{"start":{"line":159,"column":12},"end":{"line":159,"column":74}},"30":{"start":{"line":160,"column":12},"end":{"line":160,"column":51}},"31":{"start":{"line":162,"column":12},"end":{"line":162,"column":51}},"32":{"start":{"line":165,"column":8},"end":{"line":165,"column":47}},"33":{"start":{"line":175,"column":8},"end":{"line":175,"column":51}},"34":{"start":{"line":179,"column":8},"end":{"line":179,"column":33}}},"branchMap":{"1":{"line":44,"type":"if","locations":[{"start":{"line":44,"column":8},"end":{"line":44,"column":8}},{"start":{"line":44,"column":8},"end":{"line":44,"column":8}}]},"2":{"line":61,"type":"if","locations":[{"start":{"line":61,"column":53},"end":{"line":61,"column":53}},{"start":{"line":61,"column":53},"end":{"line":61,"column":53}}]},"3":{"line":65,"type":"if","locations":[{"start":{"line":65,"column":65},"end":{"line":65,"column":65}},{"start":{"line":65,"column":65},"end":{"line":65,"column":65}}]},"4":{"line":73,"type":"if","locations":[{"start":{"line":73,"column":8},"end":{"line":73,"column":8}},{"start":{"line":73,"column":8},"end":{"line":73,"column":8}}]},"5":{"line":84,"type":"if","locations":[{"start":{"line":84,"column":15},"end":{"line":84,"column":15}},{"start":{"line":84,"column":15},"end":{"line":84,"column":15}}]},"6":{"line":85,"type":"if","locations":[{"start":{"line":85,"column":8},"end":{"line":85,"column":8}},{"start":{"line":85,"column":8},"end":{"line":85,"column":8}}]},"7":{"line":106,"type":"if","locations":[{"start":{"line":106,"column":8},"end":{"line":106,"column":8}},{"start":{"line":106,"column":8},"end":{"line":106,"column":8}}]},"8":{"line":111,"type":"if","locations":[{"start":{"line":111,"column":8},"end":{"line":111,"column":8}},{"start":{"line":111,"column":8},"end":{"line":111,"column":8}}]},"9":{"line":112,"type":"cond-expr","locations":[{"start":{"line":112,"column":12},"end":{"line":112,"column":38}},{"start":{"line":113,"column":16},"end":{"line":114,"column":21}}]},"10":{"line":118,"type":"if","locations":[{"start":{"line":118,"column":8},"end":{"line":118,"column":8}},{"start":{"line":118,"column":8},"end":{"line":118,"column":8}}]},"11":{"line":119,"type":"if","locations":[{"start":{"line":119,"column":12},"end":{"line":119,"column":12}},{"start":{"line":119,"column":12},"end":{"line":119,"column":12}}]},"12":{"line":121,"type":"if","locations":[{"start":{"line":121,"column":12},"end":{"line":121,"column":12}},{"start":{"line":121,"column":12},"end":{"line":121,"column":12}}]},"13":{"line":125,"type":"if","locations":[{"start":{"line":125,"column":16},"end":{"line":125,"column":16}},{"start":{"line":125,"column":16},"end":{"line":125,"column":16}}]},"14":{"line":144,"type":"if","locations":[{"start":{"line":144,"column":8},"end":{"line":144,"column":8}},{"start":{"line":144,"column":8},"end":{"line":144,"column":8}}]},"15":{"line":145,"type":"cond-expr","locations":[{"start":{"line":145,"column":12},"end":{"line":145,"column":29}},{"start":{"line":145,"column":34},"end":{"line":145,"column":67}}]},"16":{"line":155,"type":"if","locations":[{"start":{"line":155,"column":15},"end":{"line":155,"column":15}},{"start":{"line":155,"column":15},"end":{"line":155,"column":15}}]},"17":{"line":156,"type":"if","locations":[{"start":{"line":156,"column":8},"end":{"line":156,"column":8}},{"start":{"line":156,"column":8},"end":{"line":156,"column":8}}]},"18":{"line":158,"type":"if","locations":[{"start":{"line":158,"column":8},"end":{"line":158,"column":8}},{"start":{"line":158,"column":8},"end":{"line":158,"column":8}}]},"19":{"line":160,"type":"if","locations":[{"start":{"line":160,"column":12},"end":{"line":160,"column":12}},{"start":{"line":160,"column":12},"end":{"line":160,"column":12}}]}}},"contracts/Mock/Token.sol":{"l":{"11":10},"path":"/Volumes/WORK/Google/A2/contracts/Mock/Token.sol","s":{"1":10},"b":{"1":[10,0]},"f":{"1":21,"2":10},"fnMap":{"1":{"name":"constructor","line":7,"loc":{"start":{"line":7,"column":4},"end":{"line":7,"column":47}}},"2":{"name":"mint","line":10,"loc":{"start":{"line":10,"column":4},"end":{"line":12,"column":4}}}},"statementMap":{"1":{"start":{"line":11,"column":8},"end":{"line":11,"column":27}}},"branchMap":{"1":{"line":10,"type":"if","locations":[{"start":{"line":10,"column":58},"end":{"line":10,"column":58}},{"start":{"line":10,"column":58},"end":{"line":10,"column":58}}]}}}}